<?xml version="1.0" encoding="UTF-8"?>
<!-- Generated by org.testng.reporters.JUnitReportReporter -->
<testsuite hostname="DESKTOP-H3JKPEC" failures="0" tests="3" name="testNGtest.GoogleTest" time="7.372" errors="0" timestamp="2022-06-26T19:19:24 EDT" skipped="0">
  <testcase classname="testNGtest.GoogleTest" name="facebookLogoTest" time="1.954"/>
  <system-out/>
  <testcase classname="testNGtest.GoogleTest" name="facebookTitleTest" time="1.844"/>
  <system-out/>
  <testcase classname="testNGtest.GoogleTest" name="login" time="3.574"/>
  <system-out/>
</testsuite> <!-- testNGtest.GoogleTest -->
