<?xml version="1.0" encoding="UTF-8"?>
<!-- Generated by org.testng.reporters.JUnitReportReporter -->
<testsuite hostname="DESKTOP-H3JKPEC" failures="0" tests="1" name="testNGtest.TestNgBasic" time="0.004" errors="0" timestamp="2022-06-26T19:19:24 EDT" skipped="0">
  <testcase classname="testNGtest.TestNgBasic" name="googleLogoTest" time="0.004"/>
  <system-out/>
</testsuite> <!-- testNGtest.TestNgBasic -->
